app/build/intermediates/manifest_merge_blame_file/debug/manifest-merger-blame-debug-report.txt
1<?xml version="1.0" encoding="utf-8"?>
2<manifest xmlns:android="http://schemas.android.com/apk/res/android"
3    package="com.example.ashrutsharma_comp304sec001_lab05_ex01"
4    android:versionCode="1"
5    android:versionName="1.0" >
6
7    <uses-sdk
8        android:minSdkVersion="23"
8-->src\main\AndroidManifest.xml
9        android:targetSdkVersion="30" />
9-->src\main\AndroidManifest.xml
10    <!--
11         The ACCESS_COARSE/FINE_LOCATION permissions are not required to use
12         Google Maps Android API v2, but you must specify either coarse or fine
13         location permissions for the "MyLocation" functionality.
14    -->
15    <uses-permission android:name="android.permission.ACCESS_COARSE_LOCATION" />
15-->src\main\AndroidManifest.xml:9:5-81
15-->src\main\AndroidManifest.xml:9:22-78
16    <uses-permission android:name="android.permission.ACCESS_FINE_LOCATION" />
16-->src\main\AndroidManifest.xml:10:5-79
16-->src\main\AndroidManifest.xml:10:22-76
17    <uses-permission android:name="android.permission.INTERNET" />
17-->src\main\AndroidManifest.xml:11:5-67
17-->src\main\AndroidManifest.xml:11:22-64
18    <uses-permission android:name="android.permission.ACCESS_NETWORK_STATE" />
18-->src\main\AndroidManifest.xml:12:5-79
18-->src\main\AndroidManifest.xml:12:22-76
19    <uses-permission android:name="android.permission.WRITE_EXTERNAL_STORAGE" />
19-->src\main\AndroidManifest.xml:13:5-81
19-->src\main\AndroidManifest.xml:13:22-78
20    <uses-permission android:name="com.google.android.providers.gsf.permission.READ_GSERVICES" />
20-->src\main\AndroidManifest.xml:14:5-98
20-->src\main\AndroidManifest.xml:14:22-95
21
22    <uses-feature
22-->[com.google.android.gms:play-services-maps:17.0.0] AndroidManifest.xml:26:5-28:35
23        android:glEsVersion="0x00020000"
23-->[com.google.android.gms:play-services-maps:17.0.0] AndroidManifest.xml:27:9-41
24        android:required="true" />
24-->[com.google.android.gms:play-services-maps:17.0.0] AndroidManifest.xml:28:9-32
25
26    <application
26-->src\main\AndroidManifest.xml:16:5-50:19
27        android:allowBackup="true"
27-->src\main\AndroidManifest.xml:17:9-35
28        android:appComponentFactory="androidx.core.app.CoreComponentFactory"
28-->[androidx.core:core:1.3.1] AndroidManifest.xml:24:18-86
29        android:debuggable="true"
30        android:extractNativeLibs="false"
31        android:icon="@mipmap/ic_launcher"
31-->src\main\AndroidManifest.xml:18:9-43
32        android:label="@string/app_name"
32-->src\main\AndroidManifest.xml:19:9-41
33        android:roundIcon="@mipmap/ic_launcher_round"
33-->src\main\AndroidManifest.xml:20:9-54
34        android:supportsRtl="true"
34-->src\main\AndroidManifest.xml:21:9-35
35        android:testOnly="true"
36        android:theme="@style/Theme.AshrutSharma_COMP304Sec001_Lab05_Ex01" >
36-->src\main\AndroidManifest.xml:22:9-75
37        <activity android:name="com.example.ashrutsharma_aashisinha_comp304sec004_lab05_ex01.MexicanActivity" />
37-->src\main\AndroidManifest.xml:23:9-122
37-->src\main\AndroidManifest.xml:23:19-110
38        <activity android:name="com.example.ashrutsharma_aashisinha_comp304sec004_lab05_ex01.ItalianActivity" />
38-->src\main\AndroidManifest.xml:24:9-113
38-->src\main\AndroidManifest.xml:24:19-110
39        <activity android:name="com.example.ashrutsharma_aashisinha_comp304sec004_lab05_ex01.IndianActivity" />
39-->src\main\AndroidManifest.xml:25:9-112
39-->src\main\AndroidManifest.xml:25:19-109
40        <activity android:name="com.example.ashrutsharma_aashisinha_comp304sec004_lab05_ex01.GreekActivity" />
40-->src\main\AndroidManifest.xml:26:9-111
40-->src\main\AndroidManifest.xml:26:19-108
41        <activity android:name="com.example.ashrutsharma_aashisinha_comp304sec004_lab05_ex01.ChineseActivity" />
41-->src\main\AndroidManifest.xml:27:9-113
41-->src\main\AndroidManifest.xml:27:19-110
42        <activity android:name="com.example.ashrutsharma_aashisinha_comp304sec004_lab05_ex01.MapsActivity" />
42-->src\main\AndroidManifest.xml:28:9-110
42-->src\main\AndroidManifest.xml:28:19-107
43        <!--
44             The API key for Google Maps-based APIs is defined as a string resource.
45             (See the file "res/values/google_maps_api.xml").
46             Note that the API key is linked to the encryption key used to sign the APK.
47             You need a different API key for each encryption key, including the release key that is used to
48             sign the APK for publishing.
49             You can define the keys for the debug and release targets in src/debug/ and src/release/.
50        -->
51        <meta-data
51-->src\main\AndroidManifest.xml:37:9-39:55
52            android:name="com.google.android.geo.API_KEY"
52-->src\main\AndroidManifest.xml:38:13-58
53            android:value="@string/google_maps_key" />
53-->src\main\AndroidManifest.xml:39:13-52
54
55        <activity
55-->src\main\AndroidManifest.xml:41:9-49:20
56            android:name="com.example.ashrutsharma_aashisinha_comp304sec004_lab05_ex01.MainActivity"
56-->src\main\AndroidManifest.xml:42:13-101
57            android:label="@string/title_activity_maps" >
57-->src\main\AndroidManifest.xml:43:13-56
58            <intent-filter>
58-->src\main\AndroidManifest.xml:44:13-48:29
59                <action android:name="android.intent.action.MAIN" />
59-->src\main\AndroidManifest.xml:45:17-69
59-->src\main\AndroidManifest.xml:45:25-66
60
61                <category android:name="android.intent.category.LAUNCHER" />
61-->src\main\AndroidManifest.xml:47:17-77
61-->src\main\AndroidManifest.xml:47:27-74
62            </intent-filter>
63        </activity>
64        <!-- Needs to be explicitly declared on P+ -->
65        <uses-library
65-->[com.google.android.gms:play-services-maps:17.0.0] AndroidManifest.xml:33:9-35:40
66            android:name="org.apache.http.legacy"
66-->[com.google.android.gms:play-services-maps:17.0.0] AndroidManifest.xml:34:13-50
67            android:required="false" />
67-->[com.google.android.gms:play-services-maps:17.0.0] AndroidManifest.xml:35:13-37
68
69        <activity
69-->[com.google.android.gms:play-services-base:17.5.0] AndroidManifest.xml:23:9-26:75
70            android:name="com.google.android.gms.common.api.GoogleApiActivity"
70-->[com.google.android.gms:play-services-base:17.5.0] AndroidManifest.xml:24:13-79
71            android:exported="false"
71-->[com.google.android.gms:play-services-base:17.5.0] AndroidManifest.xml:25:13-37
72            android:theme="@android:style/Theme.Translucent.NoTitleBar" />
72-->[com.google.android.gms:play-services-base:17.5.0] AndroidManifest.xml:26:13-72
73
74        <meta-data
74-->[com.google.android.gms:play-services-basement:17.5.0] AndroidManifest.xml:23:9-25:69
75            android:name="com.google.android.gms.version"
75-->[com.google.android.gms:play-services-basement:17.5.0] AndroidManifest.xml:24:13-58
76            android:value="@integer/google_play_services_version" />
76-->[com.google.android.gms:play-services-basement:17.5.0] AndroidManifest.xml:25:13-66
77    </application>
78
79</manifest>